<?xml version="1.0" encoding="UTF-8"?>
<!-- Generated by org.testng.reporters.JUnitXMLReporter -->
<testsuite ignored="0" hostname="DESKTOP-Q3KUDQ1" failures="0" tests="2" name="Test" time="174.753" errors="0" timestamp="2026-03-31T14:02:30 IST">
  <testcase classname="package2.AmazonProject.TC_1_LogintoAmazon" name="withValidCredentials" time="29.148"/>
  <testcase classname="package2.AmazonProject.TC_2_LogintoAmazonandLogout" name="withValidCredentials" time="40.53"/>
</testsuite> <!-- Test -->
