<?xml version="1.0" encoding="UTF-8"?>
<!-- Generated by org.testng.reporters.JUnitXMLReporter -->
<testsuite ignored="0" hostname="DESKTOP-Q3KUDQ1" failures="1" tests="2" name="Test" time="197.171" errors="0" timestamp="2026-03-27T16:29:56 IST">
  <testcase classname="package2.AmazonProject.TC_1_LogintoAmazon" name="withValidCredentials" time="73.285"/>
  <testcase classname="package2.AmazonProject.TC_1_LogintoAmazon" name="withValidCredentials" time="196.917">
    <failure type="java.lang.NullPointerException" message="Cannot invoke &amp;quot;org.openqa.selenium.TakesScreenshot.getScreenshotAs(org.openqa.selenium.OutputType)&amp;quot; because &amp;quot;ts&amp;quot; is null">
      <![CDATA[java.lang.NullPointerException: Cannot invoke "org.openqa.selenium.TakesScreenshot.getScreenshotAs(org.openqa.selenium.OutputType)" because "ts" is null
at utility.ListnersLogic.onTestSuccess(ListnersLogic.java:32)
at java.base/java.util.ArrayList.forEach(ArrayList.java:1596)
... Removed 24 stack frames]]>
    </failure>
  </testcase> <!-- withValidCredentials -->
</testsuite> <!-- Test -->
