<?xml version="1.0" encoding="UTF-8"?>
<testng-results ignored="0" total="2" passed="2" failed="0" skipped="0">
  <reporter-output>
    <line>
      <![CDATA[Hoverover on account and List and Click on sigin is successful]]>
    </line>
    <line>
      <![CDATA[UserName and Password has been entered successfully]]>
    </line>
    <line>
      <![CDATA[Test Case is Pass as Assertion is also Pass]]>
    </line>
    <line>
      <![CDATA[Hoverover on account and List and Click on sigin is successful]]>
    </line>
    <line>
      <![CDATA[UserName and Password has been entered and login is successful]]>
    </line>
    <line>
      <![CDATA[Hoverover on account and List and Click on signout is successful]]>
    </line>
    <line>
      <![CDATA[Test Case is Pass as Assertion is also Pass]]>
    </line>
  </reporter-output>
  <suite started-at="2026-03-31T13:59:36 IST" name="Suite" finished-at="2026-03-31T14:02:30 IST" duration-ms="174753">
    <groups>
    </groups>
    <test started-at="2026-03-31T13:59:36 IST" name="Test" finished-at="2026-03-31T14:02:30 IST" duration-ms="174753">
      <class name="package2.AmazonProject.TC_2_LogintoAmazonandLogout">
        <test-method is-config="true" signature="launchBrowser()[pri:0, instance:package2.AmazonProject.TC_2_LogintoAmazonandLogout@3eb25e1a]" started-at="2026-03-31T14:01:13 IST" name="launchBrowser" finished-at="2026-03-31T14:01:45 IST" duration-ms="31574" status="PASS">
          <reporter-output>
          </reporter-output>
        </test-method> <!-- launchBrowser -->
        <test-method signature="withValidCredentials()[pri:0, instance:package2.AmazonProject.TC_2_LogintoAmazonandLogout@3eb25e1a]" started-at="2026-03-31T14:01:45 IST" name="withValidCredentials" finished-at="2026-03-31T14:02:26 IST" duration-ms="40530" status="PASS">
          <reporter-output>
            <line>
              <![CDATA[Hoverover on account and List and Click on sigin is successful]]>
            </line>
            <line>
              <![CDATA[UserName and Password has been entered and login is successful]]>
            </line>
            <line>
              <![CDATA[Hoverover on account and List and Click on signout is successful]]>
            </line>
            <line>
              <![CDATA[Test Case is Pass as Assertion is also Pass]]>
            </line>
          </reporter-output>
        </test-method> <!-- withValidCredentials -->
        <test-method is-config="true" signature="closeBrowser()[pri:0, instance:package2.AmazonProject.TC_2_LogintoAmazonandLogout@3eb25e1a]" started-at="2026-03-31T14:02:26 IST" name="closeBrowser" finished-at="2026-03-31T14:02:30 IST" duration-ms="4838" status="PASS">
          <reporter-output>
          </reporter-output>
        </test-method> <!-- closeBrowser -->
      </class> <!-- package2.AmazonProject.TC_2_LogintoAmazonandLogout -->
      <class name="package2.AmazonProject.TC_1_LogintoAmazon">
        <test-method is-config="true" signature="launchBrowser()[pri:0, instance:package2.AmazonProject.TC_1_LogintoAmazon@765d7657]" started-at="2026-03-31T13:59:36 IST" name="launchBrowser" finished-at="2026-03-31T14:00:39 IST" duration-ms="63044" status="PASS">
          <reporter-output>
          </reporter-output>
        </test-method> <!-- launchBrowser -->
        <test-method signature="withValidCredentials()[pri:0, instance:package2.AmazonProject.TC_1_LogintoAmazon@765d7657]" started-at="2026-03-31T14:00:39 IST" name="withValidCredentials" finished-at="2026-03-31T14:01:08 IST" duration-ms="29148" status="PASS">
          <reporter-output>
            <line>
              <![CDATA[Hoverover on account and List and Click on sigin is successful]]>
            </line>
            <line>
              <![CDATA[UserName and Password has been entered successfully]]>
            </line>
            <line>
              <![CDATA[Test Case is Pass as Assertion is also Pass]]>
            </line>
          </reporter-output>
        </test-method> <!-- withValidCredentials -->
        <test-method is-config="true" signature="closeBrowser()[pri:0, instance:package2.AmazonProject.TC_1_LogintoAmazon@765d7657]" started-at="2026-03-31T14:01:08 IST" name="closeBrowser" finished-at="2026-03-31T14:01:13 IST" duration-ms="5431" status="PASS">
          <reporter-output>
          </reporter-output>
        </test-method> <!-- closeBrowser -->
      </class> <!-- package2.AmazonProject.TC_1_LogintoAmazon -->
    </test> <!-- Test -->
  </suite> <!-- Suite -->
</testng-results>
