<?xml version="1.0" encoding="UTF-8"?>
<!-- Generated by org.testng.reporters.JUnitReportReporter -->
<testsuite hostname="DESKTOP-Q3KUDQ1" failures="0" tests="1" name="package2.AmazonProject.TC_1_LogintoAmazon" time="97.623" errors="0" timestamp="2026-03-31T14:02:31 IST" skipped="0">
  <testcase classname="package2.AmazonProject.TC_1_LogintoAmazon" name="withValidCredentials" time="97.623">
    <system-out>
      <![CDATA[Hoverover on account and List and Click on sigin is successful
UserName and Password has been entered successfully
Test Case is Pass as Assertion is also Pass]]>
    </system-out>
  </testcase> <!-- withValidCredentials -->
  <system-out>
    <![CDATA[Hoverover on account and List and Click on sigin is successful
UserName and Password has been entered successfully
Test Case is Pass as Assertion is also Pass
Hoverover on account and List and Click on sigin is successful
UserName and Password has been entered and login is successful
Hoverover on account and List and Click on signout is successful
Test Case is Pass as Assertion is also Pass]]>
  </system-out>
</testsuite> <!-- package2.AmazonProject.TC_1_LogintoAmazon -->
