<?xml version="1.0" encoding="UTF-8"?>
<!-- Generated by org.testng.reporters.JUnitReportReporter -->
<testsuite hostname="DESKTOP-Q3KUDQ1" failures="0" tests="1" name="package2.AmazonProject.TC4_amazonFailedLogin" time="61.433" errors="0" timestamp="2026-03-23T16:30:36 IST" skipped="0">
  <testcase classname="package2.AmazonProject.TC4_amazonFailedLogin" name="login" time="61.433">
    <system-out>
      <![CDATA[Hoverover on account and List and Click on sigin is successful
Error message displayed correctly for invalid username/password]]>
    </system-out>
  </testcase> <!-- login -->
  <system-out>
    <![CDATA[Hoverover on account and List and Click on sigin is successful
Error message displayed correctly for invalid username/password]]>
  </system-out>
</testsuite> <!-- package2.AmazonProject.TC4_amazonFailedLogin -->
